<?xml version="1.0" encoding="UTF-8"?>
<!-- Generated by org.testng.reporters.JUnitReportReporter -->
<testsuite hostname="HOEFVM1DF190" failures="0" tests="1" name="com.PTW.testscripts.PermitModule" time="122.081" errors="0" timestamp="2022-03-15T00:25:55 GMT-08:00" skipped="0">
  <testcase classname="com.PTW.testscripts.PermitModule" name="testPermitModule" time="122.081"/>
  <system-out/>
</testsuite> <!-- com.PTW.testscripts.PermitModule -->
